<?xml version="1.0" encoding="UTF-8"?>
<testsuite xmlns:xsi="http://www.w3.org/2001/XMLSchema-instance" xsi:noNamespaceSchemaLocation="https://maven.apache.org/surefire/maven-surefire-plugin/xsd/surefire-test-report-3.0.xsd" version="3.0" name="com.example.SyncUp.SyncUpApplicationTests" time="1.512" tests="1" errors="0" skipped="0" failures="0">
  <properties>
    <property name="java.specification.version" value="21"/>
    <property name="sun.jnu.encoding" value="UTF-8"/>
    <property name="java.class.path" value="/Users/fabio/IdeaProjects/comp4960-spring-2024-project-group-2-syncup/target/test-classes:/Users/fabio/IdeaProjects/comp4960-spring-2024-project-group-2-syncup/target/classes:/Users/fabio/.m2/repository/org/springframework/boot/spring-boot-starter-web/3.2.3/spring-boot-starter-web-3.2.3.jar:/Users/fabio/.m2/repository/org/springframework/boot/spring-boot-starter/3.2.3/spring-boot-starter-3.2.3.jar:/Users/fabio/.m2/repository/org/springframework/boot/spring-boot/3.2.3/spring-boot-3.2.3.jar:/Users/fabio/.m2/repository/org/springframework/boot/spring-boot-autoconfigure/3.2.3/spring-boot-autoconfigure-3.2.3.jar:/Users/fabio/.m2/repository/org/springframework/boot/spring-boot-starter-logging/3.2.3/spring-boot-starter-logging-3.2.3.jar:/Users/fabio/.m2/repository/ch/qos/logback/logback-classic/1.4.14/logback-classic-1.4.14.jar:/Users/fabio/.m2/repository/ch/qos/logback/logback-core/1.4.14/logback-core-1.4.14.jar:/Users/fabio/.m2/repository/org/apache/logging/log4j/log4j-to-slf4j/2.21.1/log4j-to-slf4j-2.21.1.jar:/Users/fabio/.m2/repository/org/apache/logging/log4j/log4j-api/2.21.1/log4j-api-2.21.1.jar:/Users/fabio/.m2/repository/org/slf4j/jul-to-slf4j/2.0.12/jul-to-slf4j-2.0.12.jar:/Users/fabio/.m2/repository/jakarta/annotation/jakarta.annotation-api/2.1.1/jakarta.annotation-api-2.1.1.jar:/Users/fabio/.m2/repository/org/yaml/snakeyaml/2.2/snakeyaml-2.2.jar:/Users/fabio/.m2/repository/org/springframework/boot/spring-boot-starter-json/3.2.3/spring-boot-starter-json-3.2.3.jar:/Users/fabio/.m2/repository/com/fasterxml/jackson/core/jackson-databind/2.15.4/jackson-databind-2.15.4.jar:/Users/fabio/.m2/repository/com/fasterxml/jackson/core/jackson-annotations/2.15.4/jackson-annotations-2.15.4.jar:/Users/fabio/.m2/repository/com/fasterxml/jackson/datatype/jackson-datatype-jdk8/2.15.4/jackson-datatype-jdk8-2.15.4.jar:/Users/fabio/.m2/repository/com/fasterxml/jackson/datatype/jackson-datatype-jsr310/2.15.4/jackson-datatype-jsr310-2.15.4.jar:/Users/fabio/.m2/repository/com/fasterxml/jackson/module/jackson-module-parameter-names/2.15.4/jackson-module-parameter-names-2.15.4.jar:/Users/fabio/.m2/repository/org/springframework/boot/spring-boot-starter-tomcat/3.2.3/spring-boot-starter-tomcat-3.2.3.jar:/Users/fabio/.m2/repository/org/apache/tomcat/embed/tomcat-embed-core/10.1.19/tomcat-embed-core-10.1.19.jar:/Users/fabio/.m2/repository/org/apache/tomcat/embed/tomcat-embed-el/10.1.19/tomcat-embed-el-10.1.19.jar:/Users/fabio/.m2/repository/org/apache/tomcat/embed/tomcat-embed-websocket/10.1.19/tomcat-embed-websocket-10.1.19.jar:/Users/fabio/.m2/repository/org/springframework/spring-web/6.1.4/spring-web-6.1.4.jar:/Users/fabio/.m2/repository/org/springframework/spring-beans/6.1.4/spring-beans-6.1.4.jar:/Users/fabio/.m2/repository/io/micrometer/micrometer-observation/1.12.3/micrometer-observation-1.12.3.jar:/Users/fabio/.m2/repository/io/micrometer/micrometer-commons/1.12.3/micrometer-commons-1.12.3.jar:/Users/fabio/.m2/repository/org/springframework/spring-webmvc/6.1.4/spring-webmvc-6.1.4.jar:/Users/fabio/.m2/repository/org/springframework/spring-aop/6.1.4/spring-aop-6.1.4.jar:/Users/fabio/.m2/repository/org/springframework/spring-context/6.1.4/spring-context-6.1.4.jar:/Users/fabio/.m2/repository/org/springframework/spring-expression/6.1.4/spring-expression-6.1.4.jar:/Users/fabio/.m2/repository/org/springframework/boot/spring-boot-starter-test/3.2.3/spring-boot-starter-test-3.2.3.jar:/Users/fabio/.m2/repository/org/springframework/boot/spring-boot-test/3.2.3/spring-boot-test-3.2.3.jar:/Users/fabio/.m2/repository/org/springframework/boot/spring-boot-test-autoconfigure/3.2.3/spring-boot-test-autoconfigure-3.2.3.jar:/Users/fabio/.m2/repository/com/jayway/jsonpath/json-path/2.9.0/json-path-2.9.0.jar:/Users/fabio/.m2/repository/org/slf4j/slf4j-api/2.0.12/slf4j-api-2.0.12.jar:/Users/fabio/.m2/repository/jakarta/xml/bind/jakarta.xml.bind-api/4.0.1/jakarta.xml.bind-api-4.0.1.jar:/Users/fabio/.m2/repository/jakarta/activation/jakarta.activation-api/2.1.2/jakarta.activation-api-2.1.2.jar:/Users/fabio/.m2/repository/net/minidev/json-smart/2.5.0/json-smart-2.5.0.jar:/Users/fabio/.m2/repository/net/minidev/accessors-smart/2.5.0/accessors-smart-2.5.0.jar:/Users/fabio/.m2/repository/org/ow2/asm/asm/9.3/asm-9.3.jar:/Users/fabio/.m2/repository/org/assertj/assertj-core/3.24.2/assertj-core-3.24.2.jar:/Users/fabio/.m2/repository/net/bytebuddy/byte-buddy/1.14.12/byte-buddy-1.14.12.jar:/Users/fabio/.m2/repository/org/awaitility/awaitility/4.2.0/awaitility-4.2.0.jar:/Users/fabio/.m2/repository/org/hamcrest/hamcrest/2.2/hamcrest-2.2.jar:/Users/fabio/.m2/repository/org/junit/jupiter/junit-jupiter/5.10.2/junit-jupiter-5.10.2.jar:/Users/fabio/.m2/repository/org/junit/jupiter/junit-jupiter-api/5.10.2/junit-jupiter-api-5.10.2.jar:/Users/fabio/.m2/repository/org/opentest4j/opentest4j/1.3.0/opentest4j-1.3.0.jar:/Users/fabio/.m2/repository/org/junit/platform/junit-platform-commons/1.10.2/junit-platform-commons-1.10.2.jar:/Users/fabio/.m2/repository/org/apiguardian/apiguardian-api/1.1.2/apiguardian-api-1.1.2.jar:/Users/fabio/.m2/repository/org/junit/jupiter/junit-jupiter-params/5.10.2/junit-jupiter-params-5.10.2.jar:/Users/fabio/.m2/repository/org/junit/jupiter/junit-jupiter-engine/5.10.2/junit-jupiter-engine-5.10.2.jar:/Users/fabio/.m2/repository/org/junit/platform/junit-platform-engine/1.10.2/junit-platform-engine-1.10.2.jar:/Users/fabio/.m2/repository/org/mockito/mockito-core/5.7.0/mockito-core-5.7.0.jar:/Users/fabio/.m2/repository/net/bytebuddy/byte-buddy-agent/1.14.12/byte-buddy-agent-1.14.12.jar:/Users/fabio/.m2/repository/org/objenesis/objenesis/3.3/objenesis-3.3.jar:/Users/fabio/.m2/repository/org/mockito/mockito-junit-jupiter/5.7.0/mockito-junit-jupiter-5.7.0.jar:/Users/fabio/.m2/repository/org/skyscreamer/jsonassert/1.5.1/jsonassert-1.5.1.jar:/Users/fabio/.m2/repository/com/vaadin/external/google/android-json/0.0.20131108.vaadin1/android-json-0.0.20131108.vaadin1.jar:/Users/fabio/.m2/repository/org/springframework/spring-core/6.1.4/spring-core-6.1.4.jar:/Users/fabio/.m2/repository/org/springframework/spring-jcl/6.1.4/spring-jcl-6.1.4.jar:/Users/fabio/.m2/repository/org/springframework/spring-test/6.1.4/spring-test-6.1.4.jar:/Users/fabio/.m2/repository/org/xmlunit/xmlunit-core/2.9.1/xmlunit-core-2.9.1.jar:/Users/fabio/.m2/repository/com/inrupt/client/inrupt-client-runtime/1.1.0/inrupt-client-runtime-1.1.0.jar:/Users/fabio/.m2/repository/com/inrupt/client/inrupt-client-api/1.1.0/inrupt-client-api-1.1.0.jar:/Users/fabio/.m2/repository/commons-io/commons-io/2.15.0/commons-io-2.15.0.jar:/Users/fabio/.m2/repository/org/apache/commons/commons-rdf-api/0.5.0/commons-rdf-api-0.5.0.jar:/Users/fabio/.m2/repository/com/inrupt/rdf/inrupt-rdf-wrapping-commons/1.0.0/inrupt-rdf-wrapping-commons-1.0.0.jar:/Users/fabio/.m2/repository/com/inrupt/client/inrupt-client-accessgrant/1.1.0/inrupt-client-accessgrant-1.1.0.jar:/Users/fabio/.m2/repository/com/inrupt/client/inrupt-client-caffeine/1.1.0/inrupt-client-caffeine-1.1.0.jar:/Users/fabio/.m2/repository/com/github/ben-manes/caffeine/caffeine/3.1.8/caffeine-3.1.8.jar:/Users/fabio/.m2/repository/org/checkerframework/checker-qual/3.37.0/checker-qual-3.37.0.jar:/Users/fabio/.m2/repository/com/google/errorprone/error_prone_annotations/2.21.1/error_prone_annotations-2.21.1.jar:/Users/fabio/.m2/repository/com/inrupt/client/inrupt-client-core/1.1.0/inrupt-client-core-1.1.0.jar:/Users/fabio/.m2/repository/com/inrupt/client/inrupt-client-parser/1.1.0/inrupt-client-parser-1.1.0.jar:/Users/fabio/.m2/repository/org/antlr/antlr4-runtime/4.13.1/antlr4-runtime-4.13.1.jar:/Users/fabio/.m2/repository/org/bitbucket/b_c/jose4j/0.9.3/jose4j-0.9.3.jar:/Users/fabio/.m2/repository/com/inrupt/client/inrupt-client-okhttp/1.1.0/inrupt-client-okhttp-1.1.0.jar:/Users/fabio/.m2/repository/com/squareup/okhttp3/okhttp/4.12.0/okhttp-4.12.0.jar:/Users/fabio/.m2/repository/org/jetbrains/kotlin/kotlin-stdlib-jdk8/1.9.22/kotlin-stdlib-jdk8-1.9.22.jar:/Users/fabio/.m2/repository/org/jetbrains/kotlin/kotlin-stdlib/1.9.22/kotlin-stdlib-1.9.22.jar:/Users/fabio/.m2/repository/org/jetbrains/annotations/13.0/annotations-13.0.jar:/Users/fabio/.m2/repository/org/jetbrains/kotlin/kotlin-stdlib-jdk7/1.9.22/kotlin-stdlib-jdk7-1.9.22.jar:/Users/fabio/.m2/repository/com/squareup/okio/okio/3.6.0/okio-3.6.0.jar:/Users/fabio/.m2/repository/com/squareup/okio/okio-jvm/3.6.0/okio-jvm-3.6.0.jar:/Users/fabio/.m2/repository/org/jetbrains/kotlin/kotlin-stdlib-common/1.9.22/kotlin-stdlib-common-1.9.22.jar:/Users/fabio/.m2/repository/com/inrupt/client/inrupt-client-jackson/1.1.0/inrupt-client-jackson-1.1.0.jar:/Users/fabio/.m2/repository/com/fasterxml/jackson/core/jackson-core/2.15.4/jackson-core-2.15.4.jar:/Users/fabio/.m2/repository/com/inrupt/client/inrupt-client-jena/1.1.0/inrupt-client-jena-1.1.0.jar:/Users/fabio/.m2/repository/org/apache/jena/jena-commonsrdf/4.10.0/jena-commonsrdf-4.10.0.jar:/Users/fabio/.m2/repository/org/apache/jena/jena-arq/4.10.0/jena-arq-4.10.0.jar:/Users/fabio/.m2/repository/org/apache/jena/jena-core/4.10.0/jena-core-4.10.0.jar:/Users/fabio/.m2/repository/org/apache/jena/jena-base/4.10.0/jena-base-4.10.0.jar:/Users/fabio/.m2/repository/org/apache/commons/commons-csv/1.10.0/commons-csv-1.10.0.jar:/Users/fabio/.m2/repository/org/apache/commons/commons-compress/1.24.0/commons-compress-1.24.0.jar:/Users/fabio/.m2/repository/org/apache/commons/commons-collections4/4.4/commons-collections4-4.4.jar:/Users/fabio/.m2/repository/com/github/andrewoma/dexx/collection/0.7/collection-0.7.jar:/Users/fabio/.m2/repository/org/apache/jena/jena-iri/4.10.0/jena-iri-4.10.0.jar:/Users/fabio/.m2/repository/commons-cli/commons-cli/1.5.0/commons-cli-1.5.0.jar:/Users/fabio/.m2/repository/org/roaringbitmap/RoaringBitmap/1.0.0/RoaringBitmap-1.0.0.jar:/Users/fabio/.m2/repository/com/github/jsonld-java/jsonld-java/0.13.4/jsonld-java-0.13.4.jar:/Users/fabio/.m2/repository/com/google/code/gson/gson/2.10.1/gson-2.10.1.jar:/Users/fabio/.m2/repository/org/apache/httpcomponents/httpclient-cache/4.5.14/httpclient-cache-4.5.14.jar:/Users/fabio/.m2/repository/org/apache/httpcomponents/httpclient/4.5.14/httpclient-4.5.14.jar:/Users/fabio/.m2/repository/org/apache/httpcomponents/httpcore/4.4.16/httpcore-4.4.16.jar:/Users/fabio/.m2/repository/org/slf4j/jcl-over-slf4j/2.0.12/jcl-over-slf4j-2.0.12.jar:/Users/fabio/.m2/repository/com/apicatalog/titanium-json-ld/1.3.2/titanium-json-ld-1.3.2.jar:/Users/fabio/.m2/repository/org/glassfish/jakarta.json/2.0.1/jakarta.json-2.0.1.jar:/Users/fabio/.m2/repository/com/google/protobuf/protobuf-java/3.24.3/protobuf-java-3.24.3.jar:/Users/fabio/.m2/repository/org/apache/thrift/libthrift/0.19.0/libthrift-0.19.0.jar:/Users/fabio/.m2/repository/org/apache/commons/commons-lang3/3.13.0/commons-lang3-3.13.0.jar:/Users/fabio/.m2/repository/com/inrupt/client/inrupt-client-openid/1.1.0/inrupt-client-openid-1.1.0.jar:/Users/fabio/.m2/repository/commons-codec/commons-codec/1.16.1/commons-codec-1.16.1.jar:/Users/fabio/.m2/repository/com/inrupt/client/inrupt-client-solid/1.1.0/inrupt-client-solid-1.1.0.jar:/Users/fabio/.m2/repository/com/inrupt/client/inrupt-client-uma/1.1.0/inrupt-client-uma-1.1.0.jar:/Users/fabio/.m2/repository/com/inrupt/client/inrupt-client-webid/1.1.0/inrupt-client-webid-1.1.0.jar:/Users/fabio/.m2/repository/com/inrupt/client/inrupt-client-vocabulary/1.1.0/inrupt-client-vocabulary-1.1.0.jar:/Users/fabio/.m2/repository/org/openjfx/javafx-controls/21.0.2/javafx-controls-21.0.2.jar:/Users/fabio/.m2/repository/org/openjfx/javafx-controls/21.0.2/javafx-controls-21.0.2-mac-aarch64.jar:/Users/fabio/.m2/repository/org/openjfx/javafx-graphics/21.0.2/javafx-graphics-21.0.2.jar:/Users/fabio/.m2/repository/org/openjfx/javafx-graphics/21.0.2/javafx-graphics-21.0.2-mac-aarch64.jar:/Users/fabio/.m2/repository/org/openjfx/javafx-base/21.0.2/javafx-base-21.0.2.jar:/Users/fabio/.m2/repository/org/openjfx/javafx-base/21.0.2/javafx-base-21.0.2-mac-aarch64.jar:"/>
    <property name="java.vm.vendor" value="Oracle Corporation"/>
    <property name="sun.arch.data.model" value="64"/>
    <property name="java.vendor.url" value="https://java.oracle.com/"/>
    <property name="user.timezone" value="America/New_York"/>
    <property name="os.name" value="Mac OS X"/>
    <property name="java.vm.specification.version" value="21"/>
    <property name="sun.java.launcher" value="SUN_STANDARD"/>
    <property name="user.country" value="US"/>
    <property name="sun.boot.library.path" value="/Users/fabio/Library/Java/JavaVirtualMachines/openjdk-21.0.2/Contents/Home/lib"/>
    <property name="sun.java.command" value="/Users/fabio/IdeaProjects/comp4960-spring-2024-project-group-2-syncup/target/surefire/surefirebooter-20240408004431424_3.jar /Users/fabio/IdeaProjects/comp4960-spring-2024-project-group-2-syncup/target/surefire 2024-04-08T00-44-31_371-jvmRun1 surefire-20240408004431424_1tmp surefire_0-20240408004431424_2tmp"/>
    <property name="http.nonProxyHosts" value="local|*.local|169.254/16|*.169.254/16"/>
    <property name="jdk.debug" value="release"/>
    <property name="surefire.test.class.path" value="/Users/fabio/IdeaProjects/comp4960-spring-2024-project-group-2-syncup/target/test-classes:/Users/fabio/IdeaProjects/comp4960-spring-2024-project-group-2-syncup/target/classes:/Users/fabio/.m2/repository/org/springframework/boot/spring-boot-starter-web/3.2.3/spring-boot-starter-web-3.2.3.jar:/Users/fabio/.m2/repository/org/springframework/boot/spring-boot-starter/3.2.3/spring-boot-starter-3.2.3.jar:/Users/fabio/.m2/repository/org/springframework/boot/spring-boot/3.2.3/spring-boot-3.2.3.jar:/Users/fabio/.m2/repository/org/springframework/boot/spring-boot-autoconfigure/3.2.3/spring-boot-autoconfigure-3.2.3.jar:/Users/fabio/.m2/repository/org/springframework/boot/spring-boot-starter-logging/3.2.3/spring-boot-starter-logging-3.2.3.jar:/Users/fabio/.m2/repository/ch/qos/logback/logback-classic/1.4.14/logback-classic-1.4.14.jar:/Users/fabio/.m2/repository/ch/qos/logback/logback-core/1.4.14/logback-core-1.4.14.jar:/Users/fabio/.m2/repository/org/apache/logging/log4j/log4j-to-slf4j/2.21.1/log4j-to-slf4j-2.21.1.jar:/Users/fabio/.m2/repository/org/apache/logging/log4j/log4j-api/2.21.1/log4j-api-2.21.1.jar:/Users/fabio/.m2/repository/org/slf4j/jul-to-slf4j/2.0.12/jul-to-slf4j-2.0.12.jar:/Users/fabio/.m2/repository/jakarta/annotation/jakarta.annotation-api/2.1.1/jakarta.annotation-api-2.1.1.jar:/Users/fabio/.m2/repository/org/yaml/snakeyaml/2.2/snakeyaml-2.2.jar:/Users/fabio/.m2/repository/org/springframework/boot/spring-boot-starter-json/3.2.3/spring-boot-starter-json-3.2.3.jar:/Users/fabio/.m2/repository/com/fasterxml/jackson/core/jackson-databind/2.15.4/jackson-databind-2.15.4.jar:/Users/fabio/.m2/repository/com/fasterxml/jackson/core/jackson-annotations/2.15.4/jackson-annotations-2.15.4.jar:/Users/fabio/.m2/repository/com/fasterxml/jackson/datatype/jackson-datatype-jdk8/2.15.4/jackson-datatype-jdk8-2.15.4.jar:/Users/fabio/.m2/repository/com/fasterxml/jackson/datatype/jackson-datatype-jsr310/2.15.4/jackson-datatype-jsr310-2.15.4.jar:/Users/fabio/.m2/repository/com/fasterxml/jackson/module/jackson-module-parameter-names/2.15.4/jackson-module-parameter-names-2.15.4.jar:/Users/fabio/.m2/repository/org/springframework/boot/spring-boot-starter-tomcat/3.2.3/spring-boot-starter-tomcat-3.2.3.jar:/Users/fabio/.m2/repository/org/apache/tomcat/embed/tomcat-embed-core/10.1.19/tomcat-embed-core-10.1.19.jar:/Users/fabio/.m2/repository/org/apache/tomcat/embed/tomcat-embed-el/10.1.19/tomcat-embed-el-10.1.19.jar:/Users/fabio/.m2/repository/org/apache/tomcat/embed/tomcat-embed-websocket/10.1.19/tomcat-embed-websocket-10.1.19.jar:/Users/fabio/.m2/repository/org/springframework/spring-web/6.1.4/spring-web-6.1.4.jar:/Users/fabio/.m2/repository/org/springframework/spring-beans/6.1.4/spring-beans-6.1.4.jar:/Users/fabio/.m2/repository/io/micrometer/micrometer-observation/1.12.3/micrometer-observation-1.12.3.jar:/Users/fabio/.m2/repository/io/micrometer/micrometer-commons/1.12.3/micrometer-commons-1.12.3.jar:/Users/fabio/.m2/repository/org/springframework/spring-webmvc/6.1.4/spring-webmvc-6.1.4.jar:/Users/fabio/.m2/repository/org/springframework/spring-aop/6.1.4/spring-aop-6.1.4.jar:/Users/fabio/.m2/repository/org/springframework/spring-context/6.1.4/spring-context-6.1.4.jar:/Users/fabio/.m2/repository/org/springframework/spring-expression/6.1.4/spring-expression-6.1.4.jar:/Users/fabio/.m2/repository/org/springframework/boot/spring-boot-starter-test/3.2.3/spring-boot-starter-test-3.2.3.jar:/Users/fabio/.m2/repository/org/springframework/boot/spring-boot-test/3.2.3/spring-boot-test-3.2.3.jar:/Users/fabio/.m2/repository/org/springframework/boot/spring-boot-test-autoconfigure/3.2.3/spring-boot-test-autoconfigure-3.2.3.jar:/Users/fabio/.m2/repository/com/jayway/jsonpath/json-path/2.9.0/json-path-2.9.0.jar:/Users/fabio/.m2/repository/org/slf4j/slf4j-api/2.0.12/slf4j-api-2.0.12.jar:/Users/fabio/.m2/repository/jakarta/xml/bind/jakarta.xml.bind-api/4.0.1/jakarta.xml.bind-api-4.0.1.jar:/Users/fabio/.m2/repository/jakarta/activation/jakarta.activation-api/2.1.2/jakarta.activation-api-2.1.2.jar:/Users/fabio/.m2/repository/net/minidev/json-smart/2.5.0/json-smart-2.5.0.jar:/Users/fabio/.m2/repository/net/minidev/accessors-smart/2.5.0/accessors-smart-2.5.0.jar:/Users/fabio/.m2/repository/org/ow2/asm/asm/9.3/asm-9.3.jar:/Users/fabio/.m2/repository/org/assertj/assertj-core/3.24.2/assertj-core-3.24.2.jar:/Users/fabio/.m2/repository/net/bytebuddy/byte-buddy/1.14.12/byte-buddy-1.14.12.jar:/Users/fabio/.m2/repository/org/awaitility/awaitility/4.2.0/awaitility-4.2.0.jar:/Users/fabio/.m2/repository/org/hamcrest/hamcrest/2.2/hamcrest-2.2.jar:/Users/fabio/.m2/repository/org/junit/jupiter/junit-jupiter/5.10.2/junit-jupiter-5.10.2.jar:/Users/fabio/.m2/repository/org/junit/jupiter/junit-jupiter-api/5.10.2/junit-jupiter-api-5.10.2.jar:/Users/fabio/.m2/repository/org/opentest4j/opentest4j/1.3.0/opentest4j-1.3.0.jar:/Users/fabio/.m2/repository/org/junit/platform/junit-platform-commons/1.10.2/junit-platform-commons-1.10.2.jar:/Users/fabio/.m2/repository/org/apiguardian/apiguardian-api/1.1.2/apiguardian-api-1.1.2.jar:/Users/fabio/.m2/repository/org/junit/jupiter/junit-jupiter-params/5.10.2/junit-jupiter-params-5.10.2.jar:/Users/fabio/.m2/repository/org/junit/jupiter/junit-jupiter-engine/5.10.2/junit-jupiter-engine-5.10.2.jar:/Users/fabio/.m2/repository/org/junit/platform/junit-platform-engine/1.10.2/junit-platform-engine-1.10.2.jar:/Users/fabio/.m2/repository/org/mockito/mockito-core/5.7.0/mockito-core-5.7.0.jar:/Users/fabio/.m2/repository/net/bytebuddy/byte-buddy-agent/1.14.12/byte-buddy-agent-1.14.12.jar:/Users/fabio/.m2/repository/org/objenesis/objenesis/3.3/objenesis-3.3.jar:/Users/fabio/.m2/repository/org/mockito/mockito-junit-jupiter/5.7.0/mockito-junit-jupiter-5.7.0.jar:/Users/fabio/.m2/repository/org/skyscreamer/jsonassert/1.5.1/jsonassert-1.5.1.jar:/Users/fabio/.m2/repository/com/vaadin/external/google/android-json/0.0.20131108.vaadin1/android-json-0.0.20131108.vaadin1.jar:/Users/fabio/.m2/repository/org/springframework/spring-core/6.1.4/spring-core-6.1.4.jar:/Users/fabio/.m2/repository/org/springframework/spring-jcl/6.1.4/spring-jcl-6.1.4.jar:/Users/fabio/.m2/repository/org/springframework/spring-test/6.1.4/spring-test-6.1.4.jar:/Users/fabio/.m2/repository/org/xmlunit/xmlunit-core/2.9.1/xmlunit-core-2.9.1.jar:/Users/fabio/.m2/repository/com/inrupt/client/inrupt-client-runtime/1.1.0/inrupt-client-runtime-1.1.0.jar:/Users/fabio/.m2/repository/com/inrupt/client/inrupt-client-api/1.1.0/inrupt-client-api-1.1.0.jar:/Users/fabio/.m2/repository/commons-io/commons-io/2.15.0/commons-io-2.15.0.jar:/Users/fabio/.m2/repository/org/apache/commons/commons-rdf-api/0.5.0/commons-rdf-api-0.5.0.jar:/Users/fabio/.m2/repository/com/inrupt/rdf/inrupt-rdf-wrapping-commons/1.0.0/inrupt-rdf-wrapping-commons-1.0.0.jar:/Users/fabio/.m2/repository/com/inrupt/client/inrupt-client-accessgrant/1.1.0/inrupt-client-accessgrant-1.1.0.jar:/Users/fabio/.m2/repository/com/inrupt/client/inrupt-client-caffeine/1.1.0/inrupt-client-caffeine-1.1.0.jar:/Users/fabio/.m2/repository/com/github/ben-manes/caffeine/caffeine/3.1.8/caffeine-3.1.8.jar:/Users/fabio/.m2/repository/org/checkerframework/checker-qual/3.37.0/checker-qual-3.37.0.jar:/Users/fabio/.m2/repository/com/google/errorprone/error_prone_annotations/2.21.1/error_prone_annotations-2.21.1.jar:/Users/fabio/.m2/repository/com/inrupt/client/inrupt-client-core/1.1.0/inrupt-client-core-1.1.0.jar:/Users/fabio/.m2/repository/com/inrupt/client/inrupt-client-parser/1.1.0/inrupt-client-parser-1.1.0.jar:/Users/fabio/.m2/repository/org/antlr/antlr4-runtime/4.13.1/antlr4-runtime-4.13.1.jar:/Users/fabio/.m2/repository/org/bitbucket/b_c/jose4j/0.9.3/jose4j-0.9.3.jar:/Users/fabio/.m2/repository/com/inrupt/client/inrupt-client-okhttp/1.1.0/inrupt-client-okhttp-1.1.0.jar:/Users/fabio/.m2/repository/com/squareup/okhttp3/okhttp/4.12.0/okhttp-4.12.0.jar:/Users/fabio/.m2/repository/org/jetbrains/kotlin/kotlin-stdlib-jdk8/1.9.22/kotlin-stdlib-jdk8-1.9.22.jar:/Users/fabio/.m2/repository/org/jetbrains/kotlin/kotlin-stdlib/1.9.22/kotlin-stdlib-1.9.22.jar:/Users/fabio/.m2/repository/org/jetbrains/annotations/13.0/annotations-13.0.jar:/Users/fabio/.m2/repository/org/jetbrains/kotlin/kotlin-stdlib-jdk7/1.9.22/kotlin-stdlib-jdk7-1.9.22.jar:/Users/fabio/.m2/repository/com/squareup/okio/okio/3.6.0/okio-3.6.0.jar:/Users/fabio/.m2/repository/com/squareup/okio/okio-jvm/3.6.0/okio-jvm-3.6.0.jar:/Users/fabio/.m2/repository/org/jetbrains/kotlin/kotlin-stdlib-common/1.9.22/kotlin-stdlib-common-1.9.22.jar:/Users/fabio/.m2/repository/com/inrupt/client/inrupt-client-jackson/1.1.0/inrupt-client-jackson-1.1.0.jar:/Users/fabio/.m2/repository/com/fasterxml/jackson/core/jackson-core/2.15.4/jackson-core-2.15.4.jar:/Users/fabio/.m2/repository/com/inrupt/client/inrupt-client-jena/1.1.0/inrupt-client-jena-1.1.0.jar:/Users/fabio/.m2/repository/org/apache/jena/jena-commonsrdf/4.10.0/jena-commonsrdf-4.10.0.jar:/Users/fabio/.m2/repository/org/apache/jena/jena-arq/4.10.0/jena-arq-4.10.0.jar:/Users/fabio/.m2/repository/org/apache/jena/jena-core/4.10.0/jena-core-4.10.0.jar:/Users/fabio/.m2/repository/org/apache/jena/jena-base/4.10.0/jena-base-4.10.0.jar:/Users/fabio/.m2/repository/org/apache/commons/commons-csv/1.10.0/commons-csv-1.10.0.jar:/Users/fabio/.m2/repository/org/apache/commons/commons-compress/1.24.0/commons-compress-1.24.0.jar:/Users/fabio/.m2/repository/org/apache/commons/commons-collections4/4.4/commons-collections4-4.4.jar:/Users/fabio/.m2/repository/com/github/andrewoma/dexx/collection/0.7/collection-0.7.jar:/Users/fabio/.m2/repository/org/apache/jena/jena-iri/4.10.0/jena-iri-4.10.0.jar:/Users/fabio/.m2/repository/commons-cli/commons-cli/1.5.0/commons-cli-1.5.0.jar:/Users/fabio/.m2/repository/org/roaringbitmap/RoaringBitmap/1.0.0/RoaringBitmap-1.0.0.jar:/Users/fabio/.m2/repository/com/github/jsonld-java/jsonld-java/0.13.4/jsonld-java-0.13.4.jar:/Users/fabio/.m2/repository/com/google/code/gson/gson/2.10.1/gson-2.10.1.jar:/Users/fabio/.m2/repository/org/apache/httpcomponents/httpclient-cache/4.5.14/httpclient-cache-4.5.14.jar:/Users/fabio/.m2/repository/org/apache/httpcomponents/httpclient/4.5.14/httpclient-4.5.14.jar:/Users/fabio/.m2/repository/org/apache/httpcomponents/httpcore/4.4.16/httpcore-4.4.16.jar:/Users/fabio/.m2/repository/org/slf4j/jcl-over-slf4j/2.0.12/jcl-over-slf4j-2.0.12.jar:/Users/fabio/.m2/repository/com/apicatalog/titanium-json-ld/1.3.2/titanium-json-ld-1.3.2.jar:/Users/fabio/.m2/repository/org/glassfish/jakarta.json/2.0.1/jakarta.json-2.0.1.jar:/Users/fabio/.m2/repository/com/google/protobuf/protobuf-java/3.24.3/protobuf-java-3.24.3.jar:/Users/fabio/.m2/repository/org/apache/thrift/libthrift/0.19.0/libthrift-0.19.0.jar:/Users/fabio/.m2/repository/org/apache/commons/commons-lang3/3.13.0/commons-lang3-3.13.0.jar:/Users/fabio/.m2/repository/com/inrupt/client/inrupt-client-openid/1.1.0/inrupt-client-openid-1.1.0.jar:/Users/fabio/.m2/repository/commons-codec/commons-codec/1.16.1/commons-codec-1.16.1.jar:/Users/fabio/.m2/repository/com/inrupt/client/inrupt-client-solid/1.1.0/inrupt-client-solid-1.1.0.jar:/Users/fabio/.m2/repository/com/inrupt/client/inrupt-client-uma/1.1.0/inrupt-client-uma-1.1.0.jar:/Users/fabio/.m2/repository/com/inrupt/client/inrupt-client-webid/1.1.0/inrupt-client-webid-1.1.0.jar:/Users/fabio/.m2/repository/com/inrupt/client/inrupt-client-vocabulary/1.1.0/inrupt-client-vocabulary-1.1.0.jar:/Users/fabio/.m2/repository/org/openjfx/javafx-controls/21.0.2/javafx-controls-21.0.2.jar:/Users/fabio/.m2/repository/org/openjfx/javafx-controls/21.0.2/javafx-controls-21.0.2-mac-aarch64.jar:/Users/fabio/.m2/repository/org/openjfx/javafx-graphics/21.0.2/javafx-graphics-21.0.2.jar:/Users/fabio/.m2/repository/org/openjfx/javafx-graphics/21.0.2/javafx-graphics-21.0.2-mac-aarch64.jar:/Users/fabio/.m2/repository/org/openjfx/javafx-base/21.0.2/javafx-base-21.0.2.jar:/Users/fabio/.m2/repository/org/openjfx/javafx-base/21.0.2/javafx-base-21.0.2-mac-aarch64.jar:"/>
    <property name="sun.cpu.endian" value="little"/>
    <property name="user.home" value="/Users/fabio"/>
    <property name="user.language" value="en"/>
    <property name="java.specification.vendor" value="Oracle Corporation"/>
    <property name="java.version.date" value="2024-01-16"/>
    <property name="java.home" value="/Users/fabio/Library/Java/JavaVirtualMachines/openjdk-21.0.2/Contents/Home"/>
    <property name="file.separator" value="/"/>
    <property name="basedir" value="/Users/fabio/IdeaProjects/comp4960-spring-2024-project-group-2-syncup"/>
    <property name="java.vm.compressedOopsMode" value="Zero based"/>
    <property name="line.separator" value="&#10;"/>
    <property name="java.vm.specification.vendor" value="Oracle Corporation"/>
    <property name="java.specification.name" value="Java Platform API Specification"/>
    <property name="FILE_LOG_CHARSET" value="UTF-8"/>
    <property name="java.awt.headless" value="true"/>
    <property name="apple.awt.application.name" value="ForkedBooter"/>
    <property name="surefire.real.class.path" value="/Users/fabio/IdeaProjects/comp4960-spring-2024-project-group-2-syncup/target/surefire/surefirebooter-20240408004431424_3.jar"/>
    <property name="sun.management.compiler" value="HotSpot 64-Bit Tiered Compilers"/>
    <property name="ftp.nonProxyHosts" value="local|*.local|169.254/16|*.169.254/16"/>
    <property name="java.runtime.version" value="21.0.2+13-58"/>
    <property name="user.name" value="fabio"/>
    <property name="stdout.encoding" value="UTF-8"/>
    <property name="path.separator" value=":"/>
    <property name="os.version" value="14.4"/>
    <property name="java.runtime.name" value="OpenJDK Runtime Environment"/>
    <property name="file.encoding" value="UTF-8"/>
    <property name="java.vm.name" value="OpenJDK 64-Bit Server VM"/>
    <property name="localRepository" value="/Users/fabio/.m2/repository"/>
    <property name="java.vendor.url.bug" value="https://bugreport.java.com/bugreport/"/>
    <property name="java.io.tmpdir" value="/var/folders/rt/8kqf4xm95lb9dbyrzv42qy8h0000gn/T/"/>
    <property name="idea.version" value="2023.3.6"/>
    <property name="java.version" value="21.0.2"/>
    <property name="user.dir" value="/Users/fabio/IdeaProjects/comp4960-spring-2024-project-group-2-syncup"/>
    <property name="os.arch" value="aarch64"/>
    <property name="java.vm.specification.name" value="Java Virtual Machine Specification"/>
    <property name="PID" value="15275"/>
    <property name="CONSOLE_LOG_CHARSET" value="UTF-8"/>
    <property name="native.encoding" value="UTF-8"/>
    <property name="java.library.path" value="/Users/fabio/Library/Java/Extensions:/Library/Java/Extensions:/Network/Library/Java/Extensions:/System/Library/Java/Extensions:/usr/lib/java:."/>
    <property name="java.vm.info" value="mixed mode, sharing"/>
    <property name="stderr.encoding" value="UTF-8"/>
    <property name="java.vendor" value="Oracle Corporation"/>
    <property name="java.vm.version" value="21.0.2+13-58"/>
    <property name="sun.io.unicode.encoding" value="UnicodeBig"/>
    <property name="socksNonProxyHosts" value="local|*.local|169.254/16|*.169.254/16"/>
    <property name="java.class.version" value="65.0"/>
    <property name="LOGGED_APPLICATION_NAME" value="[SyncUp] "/>
  </properties>
  <testcase name="contextLoads" classname="com.example.SyncUp.SyncUpApplicationTests" time="0.433">
    <system-out><![CDATA[00:44:31.841 [main] INFO org.springframework.test.context.support.AnnotationConfigContextLoaderUtils -- Could not detect default configuration classes for test class [com.example.SyncUp.SyncUpApplicationTests]: SyncUpApplicationTests does not declare any static, non-private, non-final, nested classes annotated with @Configuration.
00:44:31.894 [main] INFO org.springframework.boot.test.context.SpringBootTestContextBootstrapper -- Found @SpringBootConfiguration com.example.SyncUp.SyncUpApplication for test class com.example.SyncUp.SyncUpApplicationTests

  .   ____          _            __ _ _
 /\\ / ___'_ __ _ _(_)_ __  __ _ \ \ \ \
( ( )\___ | '_ | '_| | '_ \/ _` | \ \ \ \
 \\/  ___)| |_)| | | | | || (_| |  ) ) ) )
  '  |____| .__|_| |_|_| |_\__, | / / / /
 =========|_|==============|___/=/_/_/_/
 :: Spring Boot ::                (v3.2.3)

2024-04-08T00:44:32.060-04:00  INFO 15275 --- [SyncUp] [           main] c.example.SyncUp.SyncUpApplicationTests  : Starting SyncUpApplicationTests using Java 21.0.2 with PID 15275 (started by fabio in /Users/fabio/IdeaProjects/comp4960-spring-2024-project-group-2-syncup)
2024-04-08T00:44:32.061-04:00  INFO 15275 --- [SyncUp] [           main] c.example.SyncUp.SyncUpApplicationTests  : No active profile set, falling back to 1 default profile: "default"
2024-04-08T00:44:32.807-04:00  INFO 15275 --- [SyncUp] [           main] c.example.SyncUp.SyncUpApplicationTests  : Started SyncUpApplicationTests in 0.849 seconds (process running for 1.32)
]]></system-out>
    <system-err><![CDATA[WARNING: A Java agent has been loaded dynamically (/Users/fabio/.m2/repository/net/bytebuddy/byte-buddy-agent/1.14.12/byte-buddy-agent-1.14.12.jar)
WARNING: If a serviceability tool is in use, please run with -XX:+EnableDynamicAgentLoading to hide this warning
WARNING: If a serviceability tool is not in use, please run with -Djdk.instrument.traceUsage for more information
WARNING: Dynamic loading of agents will be disallowed by default in a future release
]]></system-err>
  </testcase>
</testsuite>